\BOOKMARK [0][-]{Abstract.0}{Abstract}{}% 1
\BOOKMARK [0][-]{Contents.0}{Contents}{}% 2
\BOOKMARK [0][-]{Dedication.0}{Dedication}{}% 3
\BOOKMARK [0][-]{chapter.0}{Introduction}{}% 4
\BOOKMARK [0][-]{chapter.1}{Theoretical\040Motivation}{}% 5
\BOOKMARK [1][-]{section.1.1}{Introduction\040to\040Super-Symmetry}{chapter.1}% 6
\BOOKMARK [0][-]{chapter.2}{Experimental\040Apparatus}{}% 7
\BOOKMARK [1][-]{section.2.1}{The\040Large\040Hadron\040Collider}{chapter.2}% 8
\BOOKMARK [1][-]{section.2.2}{The\040ATLAS\040Detector}{chapter.2}% 9
\BOOKMARK [2][-]{subsection.2.2.1}{The\040Inner\040Detector}{section.2.2}% 10
\BOOKMARK [2][-]{subsection.2.2.2}{The\040Calorimeter}{section.2.2}% 11
\BOOKMARK [2][-]{subsection.2.2.3}{The\040Muon\040Spectrometer}{section.2.2}% 12
\BOOKMARK [0][-]{chapter.3}{Object\040Reconstruction\040at\040ATLAS}{}% 13
\BOOKMARK [0][-]{chapter.4}{Monte\040Carlo\040Simulation\040of\040Physics\040Processes\040at\040ATLAS}{}% 14
\BOOKMARK [1][-]{section.4.1}{Signal\040Monte\040Carlo\040Generation}{chapter.4}% 15
\BOOKMARK [1][-]{section.4.2}{SM\040Background\040Monte\040Carlo\040Generation}{chapter.4}% 16
\BOOKMARK [2][-]{subsection.4.2.1}{Standard\040Model\040tMonte\040Carlo\040Generation}{section.4.2}% 17
\BOOKMARK [2][-]{subsection.4.2.2}{Standard\040Model\040Single\040Top\040Monte\040Carlo\040Generation}{section.4.2}% 18
\BOOKMARK [2][-]{subsection.4.2.3}{Standard\040Model\040W+jets\040and\040Z+jets\040Monte\040Carlo\040Generation}{section.4.2}% 19
\BOOKMARK [2][-]{subsection.4.2.4}{Standard\040Model\040t+V\040Monte\040Carlo\040Generation}{section.4.2}% 20
\BOOKMARK [2][-]{subsection.4.2.5}{Standard Model t+"γ Monte Carlo Generation}{section.4.2}% 21
\BOOKMARK [2][-]{subsection.4.2.6}{Standard\040Model\040Diboson\040Monte\040Carlo\040Generation}{section.4.2}% 22
\BOOKMARK [1][-]{section.4.3}{Detector\040Simulation}{chapter.4}% 23
\BOOKMARK [0][-]{chapter.5}{General\040Analysis\040Strategy}{}% 24
\BOOKMARK [1][-]{section.5.1}{General\040R-Parity\040Conserving\040SUSY\040Search\040Strategy}{chapter.5}% 25
\BOOKMARK [1][-]{section.5.2}{General\040Strategies\040in\040Compressed\040Regions}{chapter.5}% 26
\BOOKMARK [0][-]{chapter.6}{Recursive\040Jigsaw\040Reconstruction\040for\040Events\040with\040Missing\040Energy\040and\040Identifying\040ISR\040Jets}{}% 27
\BOOKMARK [1][-]{section.6.1}{Introduction\040to\040Recursive\040Jigsaw\040Algorithm\040on\040Events\040with\040ETmiss}{chapter.6}% 28
\BOOKMARK [1][-]{section.6.2}{Recursive\040Jigsaw\040Method\040of\040Identifying\040Initial\040State\040Radiation}{chapter.6}% 29
\BOOKMARK [1][-]{section.6.3}{Performance\040of\040Initial\040State\040Radiation\040Identification\040Algorithm}{chapter.6}% 30
\BOOKMARK [1][-]{section.6.4}{Kinematic\040Variables\040of\040Initial\040State\040Radiation\040and\040Sparticle\040Systems}{chapter.6}% 31
\BOOKMARK [0][-]{chapter.7}{Definitions\040of\040Reconstructed\040Physics\040Objects}{}% 32
\BOOKMARK [1][-]{section.7.1}{Electron\040Definition}{chapter.7}% 33
\BOOKMARK [1][-]{section.7.2}{Muon\040Definition}{chapter.7}% 34
\BOOKMARK [1][-]{section.7.3}{Jet\040Definitions}{chapter.7}% 35
\BOOKMARK [2][-]{subsection.7.3.1}{Calorimeter\040Jets}{section.7.3}% 36
\BOOKMARK [2][-]{subsection.7.3.2}{b-tagged\040Jets}{section.7.3}% 37
\BOOKMARK [1][-]{section.7.4}{ETmiss\040Definitions}{chapter.7}% 38
\BOOKMARK [2][-]{subsection.7.4.1}{Calorimeter-based\040ETmiss}{section.7.4}% 39
\BOOKMARK [2][-]{subsection.7.4.2}{Track-based\040ETmiss}{section.7.4}% 40
\BOOKMARK [1][-]{section.7.5}{Photon\040Definition}{chapter.7}% 41
\BOOKMARK [1][-]{section.7.6}{Resolving\040overlapping\040objects}{chapter.7}% 42
\BOOKMARK [0][-]{chapter.8}{Event\040Selections\040and\040Collision\040Data\040Samples}{}% 43
\BOOKMARK [1][-]{section.8.1}{Data\040Periods\040and\040Good\040Run\040List}{chapter.8}% 44
\BOOKMARK [1][-]{section.8.2}{Event\040Preselection}{chapter.8}% 45
\BOOKMARK [0][-]{chapter.9}{Signal\040Region\040Definition}{}% 46
\BOOKMARK [1][-]{section.9.1}{Physical\040Intuition\040on\040how\040Signal\040Region\040Selections\040Reject\040SM\040Background}{chapter.9}% 47
\BOOKMARK [1][-]{section.9.2}{Kinematic\040Variables\040Definitions}{chapter.9}% 48
\BOOKMARK [1][-]{section.9.3}{Signal\040Region\040Kinematic\040Selection}{chapter.9}% 49
\BOOKMARK [1][-]{section.9.4}{Signal\040Region\040Expected\040Yields\040and\040Kinematic\040Distributions}{chapter.9}% 50
\BOOKMARK [1][-]{section.9.5}{Signal\040Region\040Background\040Composition}{chapter.9}% 51
\BOOKMARK [0][-]{chapter.10}{Standard\040Model\040Backgrounds}{}% 52
\BOOKMARK [1][-]{section.10.1}{Common\040Background\040Estimation\040and\040Validation\040Techniques}{chapter.10}% 53
\BOOKMARK [1][-]{section.10.2}{Dominant\040Background:\040Standard\040Model\040t}{chapter.10}% 54
\BOOKMARK [2][-]{subsection.10.2.1}{Two\040Kinematically\040Distinct\040Populations\040of\040t}{section.10.2}% 55
\BOOKMARK [2][-]{subsection.10.2.2}{Properties\040of\040t\040in\040Signal\040Region}{section.10.2}% 56
\BOOKMARK [2][-]{subsection.10.2.3}{Predicting\040the\040amount\040of\040t\040in\040Signal\040Region\040using\040a\040One\040Lepton\040Control\040Region}{section.10.2}% 57
\BOOKMARK [2][-]{subsection.10.2.4}{Validating\040t\040Predictions\040in\040Signal\040Region\040using\040a\040Zero\040Lepton\040Validation\040Region}{section.10.2}% 58
\BOOKMARK [1][-]{section.10.3}{Subdominant\040Backgrounds}{chapter.10}% 59
\BOOKMARK [2][-]{subsection.10.3.1}{Standard\040Model\040W+Jets}{section.10.3}% 60
\BOOKMARK [2][-]{subsection.10.3.2}{Standard\040Model\040Single\040Top}{section.10.3}% 61
\BOOKMARK [2][-]{subsection.10.3.3}{Standard\040Model\040t+Z}{section.10.3}% 62
\BOOKMARK [2][-]{subsection.10.3.4}{Standard\040Model\040Z+Jets}{section.10.3}% 63
\BOOKMARK [2][-]{subsection.10.3.5}{Standard\040Model\040Diboson}{section.10.3}% 64
\BOOKMARK [2][-]{subsection.10.3.6}{Standard\040Model\040QCD\040Multijet\040and\040all\040Hadronic\040t}{section.10.3}% 65
\BOOKMARK [0][-]{chapter.11}{Systematic\040Uncertainties}{}% 66
\BOOKMARK [1][-]{subsection.11.0.1}{Experimental\040Uncertainties}{chapter.11}% 67
\BOOKMARK [2][-]{subsection.11.0.2}{Theoretical\040Uncertainties}{subsection.11.0.1}% 68
\BOOKMARK [0][-]{chapter.12}{Statistical\040Analysis}{}% 69
\BOOKMARK [1][-]{section.12.1}{Introduction\040to\040Log\040Likelihood\040Fitting}{chapter.12}% 70
\BOOKMARK [1][-]{section.12.2}{Overview\040of\040Fitting\040to\040Control\040Regions\040and\040Signal\040Regions}{chapter.12}% 71
\BOOKMARK [1][-]{section.12.3}{Parameterization\040of\040Systematics\040as\040Gaussian\040Constraints}{chapter.12}% 72
\BOOKMARK [1][-]{section.12.4}{Background\040Only\040Fit\040and\040Background\040Estimation}{chapter.12}% 73
\BOOKMARK [1][-]{section.12.5}{Exclusion\040Fit\040and\040Exclusion\040Limit\040Calculation}{chapter.12}% 74
\BOOKMARK [1][-]{section.12.6}{Discovery\040Fit\040and\040Discovery\040Significance\040Calculation}{chapter.12}% 75
\BOOKMARK [0][-]{chapter.13}{Results}{}% 76
\BOOKMARK [1][-]{subsection.13.0.1}{Unblinded\040distributions}{chapter.13}% 77
\BOOKMARK [2][-]{subsection.13.0.2}{Background-only\040fit}{subsection.13.0.1}% 78
\BOOKMARK [2][-]{subsection.13.0.3}{Exclusion-fit\040results}{subsection.13.0.1}% 79
\BOOKMARK [0][-]{chapter.14}{Interpretation\040of\040Results}{}% 80
\BOOKMARK [0][-]{chapter.15}{Conclusion}{}% 81
\BOOKMARK [0][-]{Appendix.1.A}{Appendix\040Sanity\040Checks}{}% 82
\BOOKMARK [0][-]{Appendix.1.A}{References}{}% 83
